2025-10-06T15:41:58.309946+0000 | INFO | Начало создания пользователя для telegram_id: 7703881298
2025-10-06T15:41:58.313454+0000 | INFO | Создание пользователя в inbound 1
2025-10-06T15:41:58.313528+0000 | INFO | Email: tg_7703881298@38568
2025-10-06T15:41:58.313566+0000 | INFO | Дата окончания: 2025-11-05 15:41:58.313434
2025-10-06T15:41:58.414812+0000 | INFO | Подключение успешно. Найдено 1 inbounds
2025-10-06T15:41:58.525808+0000 | INFO | Клиент успешно создан вторым способом
2025-10-06T15:41:58.525990+0000 | INFO | Ссылка для клиента успешно сгенерирована: vless://e65352bc-e1d2-4e94-8e3e-ebb9bae568f1@64.188.97.27:13765?type=tcp&security=reality&pbk=JtEuxa0O5PyMZoFNYrbn98kKp5dzryHFgC3x9O8MrWE&fp=chrome&sni=google.com&sid=bac9af&spx=/&flow=xtls-rprx-vision#tg_7703881298@38568
2025-10-06T15:42:03.367932+0000 | INFO | Отправлено стартовое сообщение пользователю: 7703881298
2025-10-06T15:42:05.857507+0000 | INFO | Возврат в админ-панель пользователем: 7703881298
2025-10-06T15:44:04.826079+0000 | INFO | Отправлено стартовое сообщение пользователю: 7703881298
2025-10-06T15:44:08.577277+0000 | INFO | Открыт личный кабинет пользователем: 7651571262
2025-10-06T15:44:10.284654+0000 | INFO | Текущее время: 2025-10-06 15:44:10
2025-10-06T15:44:10.285570+0000 | INFO | Подписка ID: 3, end_date: 2025-10-06 11:13:07, is_active: 1
2025-10-06T15:44:10.285739+0000 | INFO | Подписка ID: 8, end_date: 2025-11-02 12:54:55.202703, is_active: 1
2025-10-06T15:44:10.285869+0000 | INFO | Подписка ID: 10, end_date: 2025-11-05 01:31:55, is_active: 1
2025-10-06T15:44:10.286012+0000 | INFO | Подписка ID: 11, end_date: 2025-11-05 15:41:58, is_active: 1
2025-10-06T15:44:10.286177+0000 | INFO | Выполняем запрос деактивации: 
                UPDATE user_subscription 
                SET is_active = 0 
                WHERE user_id = ? 
                AND is_active = 1 
                AND datetime(end_date) < datetime('now', 'localtime')
            
2025-10-06T15:44:10.293529+0000 | INFO | После обновления - Подписка ID: 11, end_date: 2025-11-05 15:41:58, formatted_end_date: 2025-11-05 15:41:58, current_time: 2025-10-06 15:44:10, hours_left: 719, is_active: 1
2025-10-06T15:44:10.293673+0000 | INFO | После обновления - Подписка ID: 10, end_date: 2025-11-05 01:31:55, formatted_end_date: 2025-11-05 01:31:55, current_time: 2025-10-06 15:44:10, hours_left: 705, is_active: 1
2025-10-06T15:44:10.293801+0000 | INFO | После обновления - Подписка ID: 8, end_date: 2025-11-02 12:54:55.202703, formatted_end_date: 2025-11-02 12:54:55, current_time: 2025-10-06 15:44:10, hours_left: 645, is_active: 1
2025-10-06T15:44:40.073261+0000 | INFO | Открыт личный кабинет пользователем: 7651571262
2025-10-06T15:44:41.454681+0000 | INFO | Текущее время: 2025-10-06 15:44:41
2025-10-06T15:44:41.455148+0000 | INFO | Подписка ID: 8, end_date: 2025-11-02 12:54:55.202703, is_active: 1
2025-10-06T15:44:41.455367+0000 | INFO | Подписка ID: 10, end_date: 2025-11-05 01:31:55, is_active: 1
2025-10-06T15:44:41.455515+0000 | INFO | Подписка ID: 11, end_date: 2025-11-05 15:41:58, is_active: 1
2025-10-06T15:44:41.455687+0000 | INFO | Выполняем запрос деактивации: 
                UPDATE user_subscription 
                SET is_active = 0 
                WHERE user_id = ? 
                AND is_active = 1 
                AND datetime(end_date) < datetime('now', 'localtime')
            
2025-10-06T15:44:41.456113+0000 | INFO | После обновления - Подписка ID: 11, end_date: 2025-11-05 15:41:58, formatted_end_date: 2025-11-05 15:41:58, current_time: 2025-10-06 15:44:41, hours_left: 719, is_active: 1
2025-10-06T15:44:41.456257+0000 | INFO | После обновления - Подписка ID: 10, end_date: 2025-11-05 01:31:55, formatted_end_date: 2025-11-05 01:31:55, current_time: 2025-10-06 15:44:41, hours_left: 705, is_active: 1
2025-10-06T15:44:41.456377+0000 | INFO | После обновления - Подписка ID: 8, end_date: 2025-11-02 12:54:55.202703, formatted_end_date: 2025-11-02 12:54:55, current_time: 2025-10-06 15:44:41, hours_left: 645, is_active: 1
2025-10-06T15:45:30.700336+0000 | INFO | Открыт личный кабинет пользователем: 7651571262
2025-10-06T15:45:32.365737+0000 | INFO | Текущее время: 2025-10-06 15:45:32
2025-10-06T15:45:32.366655+0000 | INFO | Подписка ID: 8, end_date: 2025-11-02 12:54:55.202703, is_active: 1
2025-10-06T15:45:32.366837+0000 | INFO | Подписка ID: 10, end_date: 2025-11-05 01:31:55, is_active: 1
2025-10-06T15:45:32.366973+0000 | INFO | Подписка ID: 11, end_date: 2025-11-05 15:41:58, is_active: 1
2025-10-06T15:45:32.367144+0000 | INFO | Выполняем запрос деактивации: 
                UPDATE user_subscription 
                SET is_active = 0 
                WHERE user_id = ? 
                AND is_active = 1 
                AND datetime(end_date) < datetime('now', 'localtime')
            
2025-10-06T15:45:32.367567+0000 | INFO | После обновления - Подписка ID: 11, end_date: 2025-11-05 15:41:58, formatted_end_date: 2025-11-05 15:41:58, current_time: 2025-10-06 15:45:32, hours_left: 719, is_active: 1
2025-10-06T15:45:32.367698+0000 | INFO | После обновления - Подписка ID: 10, end_date: 2025-11-05 01:31:55, formatted_end_date: 2025-11-05 01:31:55, current_time: 2025-10-06 15:45:32, hours_left: 705, is_active: 1
2025-10-06T15:45:32.367825+0000 | INFO | После обновления - Подписка ID: 8, end_date: 2025-11-02 12:54:55.202703, formatted_end_date: 2025-11-02 12:54:55, current_time: 2025-10-06 15:45:32, hours_left: 645, is_active: 1
2025-10-06T15:46:36.596639+0000 | INFO | Открыт личный кабинет пользователем: 7651571262
2025-10-06T15:46:37.822001+0000 | INFO | Текущее время: 2025-10-06 15:46:37
2025-10-06T15:46:37.822865+0000 | INFO | Подписка ID: 8, end_date: 2025-11-02 12:54:55.202703, is_active: 1
2025-10-06T15:46:37.823015+0000 | INFO | Подписка ID: 10, end_date: 2025-11-05 01:31:55, is_active: 1
2025-10-06T15:46:37.823133+0000 | INFO | Подписка ID: 11, end_date: 2025-11-05 15:41:58, is_active: 1
2025-10-06T15:46:37.823293+0000 | INFO | Выполняем запрос деактивации: 
                UPDATE user_subscription 
                SET is_active = 0 
                WHERE user_id = ? 
                AND is_active = 1 
                AND datetime(end_date) < datetime('now', 'localtime')
            
2025-10-06T15:46:37.823663+0000 | INFO | После обновления - Подписка ID: 11, end_date: 2025-11-05 15:41:58, formatted_end_date: 2025-11-05 15:41:58, current_time: 2025-10-06 15:46:37, hours_left: 719, is_active: 1
2025-10-06T15:46:37.823791+0000 | INFO | После обновления - Подписка ID: 10, end_date: 2025-11-05 01:31:55, formatted_end_date: 2025-11-05 01:31:55, current_time: 2025-10-06 15:46:37, hours_left: 705, is_active: 1
2025-10-06T15:46:37.823907+0000 | INFO | После обновления - Подписка ID: 8, end_date: 2025-11-02 12:54:55.202703, formatted_end_date: 2025-11-02 12:54:55, current_time: 2025-10-06 15:46:37, hours_left: 645, is_active: 1
2025-10-06T15:46:41.010536+0000 | INFO | Показано меню ключей пользователю 7703881298
2025-10-06T15:46:43.455864+0000 | INFO | Показаны доступные серверы для подписки 8 с протоколом vless
2025-10-06T15:46:51.117358+0000 | INFO | Показано меню ключей пользователю 7703881298
2025-10-06T15:46:52.311934+0000 | INFO | Показаны доступные серверы для подписки 8 с протоколом vless
2025-10-06T15:46:53.340780+0000 | INFO | Запрошено подтверждение смены сервера для подписки 8
2025-10-06T15:46:55.719420+0000 | INFO | Начало создания пользователя для telegram_id: 7703881298
2025-10-06T15:46:55.719476+0000 | INFO | Создание пользователя в inbound 1
2025-10-06T15:46:55.719513+0000 | INFO | Email: tg_7703881298@34371
2025-10-06T15:46:55.719530+0000 | INFO | Дата окончания: 2025-11-02 15:46:55.719459
2025-10-06T15:46:55.827707+0000 | INFO | Подключение успешно. Найдено 1 inbounds
2025-10-06T15:46:55.944704+0000 | INFO | Клиент успешно создан вторым способом
2025-10-06T15:46:55.944863+0000 | INFO | Ссылка для клиента успешно сгенерирована: vless://f5d795ce-2ad9-4095-8f0d-d6780ec58498@64.188.97.27:13765?type=tcp&security=reality&pbk=JtEuxa0O5PyMZoFNYrbn98kKp5dzryHFgC3x9O8MrWE&fp=chrome&sni=google.com&sid=bac9af&spx=/&flow=xtls-rprx-vision#tg_7703881298@34371
2025-10-06T15:46:55.944975+0000 | INFO | Извлечен UUID для удаления: 23dc9365-1521-425b-a169-2fa7d62c87ed
2025-10-06T15:46:56.354494+0000 | INFO | Клиент успешно удален с сервера https://vpn.ghostlink.ru:40803/9rb5QXvoSthxXoNtHz
2025-10-06T15:46:56.445839+0000 | INFO | Успешно перемещен ключ для пользователя 7703881298 с сервера 1 на сервер 2
2025-10-06T15:46:58.051216+0000 | INFO | Возврат в главное меню из личного кабинета пользователем: 7703881298
2025-10-06T17:03:17.938108+0000 | INFO | Отправлено стартовое сообщение пользователю: 7703881298
2025-10-06T17:22:55.858883+0000 | INFO | Открыт личный кабинет пользователем: 7651571262
2025-10-06T17:23:01.344084+0000 | INFO | Бот остановлен
2025-10-06T17:23:57.486978+0000 | INFO | Запуск бота...
2025-10-06T17:23:57.489267+0000 | INFO | Индексы для таблиц рефералов успешно созданы
2025-10-06T17:23:57.489577+0000 | INFO | База данных инициализирована
2025-10-06T17:23:57.490527+0000 | INFO | Crypto Pay API инициализирован
2025-10-06T17:23:57.493392+0000 | INFO | Бот запущен
2025-10-06T17:23:57.493691+0000 | INFO | Запуск планировщика подписок
2025-10-06T17:23:57.721502+0000 | INFO | Запрос баланса от пользователя 7703881298
2025-10-06T17:23:57.722201+0000 | INFO | Текущий баланс пользователя 7703881298: 32825.00 руб.
2025-10-06T17:23:57.722576+0000 | INFO | Получено 5 последних транзакций для пользователя 7703881298
2025-10-06T17:23:57.722635+0000 | INFO | История транзакций успешно сформирована для пользователя 7703881298
2025-10-06T17:23:57.960268+0000 | INFO | Отправлено новое сообщение с балансом для пользователя 7703881298
2025-10-06T17:24:56.703977+0000 | INFO | Бот остановлен
2025-10-06T17:24:57.622487+0000 | INFO | Запуск бота...
2025-10-06T17:24:57.625675+0000 | INFO | Индексы для таблиц рефералов успешно созданы
2025-10-06T17:24:57.625964+0000 | INFO | База данных инициализирована
2025-10-06T17:24:57.627012+0000 | INFO | Crypto Pay API инициализирован
2025-10-06T17:24:57.629561+0000 | INFO | Бот запущен
2025-10-06T17:24:57.629849+0000 | INFO | Запуск планировщика подписок
2025-10-06T17:26:22.943984+0000 | INFO | Бот остановлен
2025-10-06T17:26:23.834941+0000 | INFO | Запуск бота...
2025-10-06T17:26:23.837979+0000 | INFO | Индексы для таблиц рефералов успешно созданы
2025-10-06T17:26:23.838533+0000 | INFO | База данных инициализирована
2025-10-06T17:26:23.839654+0000 | INFO | Crypto Pay API инициализирован
2025-10-06T17:26:23.842210+0000 | INFO | Бот запущен
2025-10-06T17:26:23.842554+0000 | INFO | Запуск планировщика подписок
