2025-09-26T10:16:08.390119+0000 | INFO | Добавление тестового тарифа
2025-09-26T10:16:08.390327+0000 | INFO | Таблица promocodes уже существует
2025-09-26T10:16:08.390488+0000 | INFO | Таблица tariff_promo успешно создана или уже существует
2025-09-26T10:16:08.390667+0000 | INFO | Таблица Reviews успешно создана или уже существует
2025-09-26T10:16:08.390720+0000 | INFO | Таблица support_info успешно создана или уже существует
2025-09-26T10:16:08.391072+0000 | INFO | Создание таблицы crypto_payments
2025-09-26T10:16:08.407028+0000 | INFO | Таблица crypto_payments успешно создана
2025-09-26T10:16:08.407151+0000 | INFO | Добавление колонки 'protocol' в таблицу server_settings
2025-09-26T10:16:08.414100+0000 | INFO | Колонка 'protocol' успешно добавлена
2025-09-26T10:16:08.414249+0000 | INFO | Таблица user_balance успешно создана или уже существует
2025-09-26T10:16:08.414308+0000 | INFO | Добавление тестовой записи в таблицу user_balance
2025-09-26T10:16:08.421032+0000 | INFO | Тестовая запись в user_balance успешно создана
2025-09-26T10:16:08.421137+0000 | INFO | Таблица balance_transactions успешно создана или уже существует
2025-09-26T10:16:08.434516+0000 | INFO | Индексы для таблиц баланса успешно созданы
2025-09-26T10:16:08.434611+0000 | INFO | Таблица referral_condition успешно создана или уже существует
2025-09-26T10:16:08.434667+0000 | INFO | Таблица referral_progress успешно создана или уже существует
2025-09-26T10:16:08.434717+0000 | INFO | Индексы для таблиц рефералов успешно созданы
2025-09-26T10:16:08.434814+0000 | INFO | Таблица referral_rewards_history успешно создана или уже существует
2025-09-26T10:16:08.442425+0000 | INFO | Индексы для таблицы referral_rewards_history успешно созданы
2025-09-26T10:16:08.449108+0000 | INFO | Записи в таблице referral_progress успешно добавлены
2025-09-26T10:16:08.449141+0000 | INFO | Обновление базы данных завершено успешно
2025-09-26T10:20:29.311073+0000 | INFO | Добавление тестового тарифа
2025-09-26T10:20:29.311279+0000 | INFO | Таблица promocodes уже существует
2025-09-26T10:20:29.311435+0000 | INFO | Таблица tariff_promo успешно создана или уже существует
2025-09-26T10:20:29.311615+0000 | INFO | Таблица Reviews успешно создана или уже существует
2025-09-26T10:20:29.311671+0000 | INFO | Таблица support_info успешно создана или уже существует
2025-09-26T10:20:29.312106+0000 | INFO | Таблица user_balance успешно создана или уже существует
2025-09-26T10:20:29.312194+0000 | INFO | Таблица balance_transactions успешно создана или уже существует
2025-09-26T10:20:29.312257+0000 | INFO | Индексы для таблиц баланса успешно созданы
2025-09-26T10:20:29.312303+0000 | INFO | Таблица referral_condition успешно создана или уже существует
2025-09-26T10:20:29.312349+0000 | INFO | Таблица referral_progress успешно создана или уже существует
2025-09-26T10:20:29.312397+0000 | INFO | Индексы для таблиц рефералов успешно созданы
2025-09-26T10:20:29.312474+0000 | INFO | Таблица referral_rewards_history успешно создана или уже существует
2025-09-26T10:20:29.312518+0000 | INFO | Индексы для таблицы referral_rewards_history успешно созданы
2025-09-26T10:20:29.312614+0000 | INFO | Записи в таблице referral_progress успешно добавлены
2025-09-26T10:20:29.312635+0000 | INFO | Обновление базы данных завершено успешно
2025-09-26T10:21:13.475396+0000 | INFO | Добавление тестового тарифа
2025-09-26T10:21:13.475588+0000 | INFO | Таблица promocodes уже существует
2025-09-26T10:21:13.475745+0000 | INFO | Таблица tariff_promo успешно создана или уже существует
2025-09-26T10:21:13.475927+0000 | INFO | Таблица Reviews успешно создана или уже существует
2025-09-26T10:21:13.475980+0000 | INFO | Таблица support_info успешно создана или уже существует
2025-09-26T10:21:13.476382+0000 | INFO | Таблица user_balance успешно создана или уже существует
2025-09-26T10:21:13.476460+0000 | INFO | Таблица balance_transactions успешно создана или уже существует
2025-09-26T10:21:13.476515+0000 | INFO | Индексы для таблиц баланса успешно созданы
2025-09-26T10:21:13.476556+0000 | INFO | Таблица referral_condition успешно создана или уже существует
2025-09-26T10:21:13.476597+0000 | INFO | Таблица referral_progress успешно создана или уже существует
2025-09-26T10:21:13.476634+0000 | INFO | Индексы для таблиц рефералов успешно созданы
2025-09-26T10:21:13.476708+0000 | INFO | Таблица referral_rewards_history успешно создана или уже существует
2025-09-26T10:21:13.476749+0000 | INFO | Индексы для таблицы referral_rewards_history успешно созданы
2025-09-26T10:21:13.476838+0000 | INFO | Записи в таблице referral_progress успешно добавлены
2025-09-26T10:21:13.476856+0000 | INFO | Обновление базы данных завершено успешно
2025-09-26T10:21:42.728466+0000 | INFO | Добавление тестового тарифа
2025-09-26T10:21:42.728741+0000 | INFO | Таблица promocodes уже существует
2025-09-26T10:21:42.728985+0000 | INFO | Таблица tariff_promo успешно создана или уже существует
2025-09-26T10:21:42.729260+0000 | INFO | Таблица Reviews успешно создана или уже существует
2025-09-26T10:21:42.729336+0000 | INFO | Таблица support_info успешно создана или уже существует
2025-09-26T10:21:42.730053+0000 | INFO | Таблица user_balance успешно создана или уже существует
2025-09-26T10:21:42.730200+0000 | INFO | Таблица balance_transactions успешно создана или уже существует
2025-09-26T10:21:42.730294+0000 | INFO | Индексы для таблиц баланса успешно созданы
2025-09-26T10:21:42.730370+0000 | INFO | Таблица referral_condition успешно создана или уже существует
2025-09-26T10:21:42.730448+0000 | INFO | Таблица referral_progress успешно создана или уже существует
2025-09-26T10:21:42.730514+0000 | INFO | Индексы для таблиц рефералов успешно созданы
2025-09-26T10:21:42.730640+0000 | INFO | Таблица referral_rewards_history успешно создана или уже существует
2025-09-26T10:21:42.730713+0000 | INFO | Индексы для таблицы referral_rewards_history успешно созданы
2025-09-26T10:21:42.730832+0000 | INFO | Записи в таблице referral_progress успешно добавлены
2025-09-26T10:21:42.730852+0000 | INFO | Обновление базы данных завершено успешно
2025-09-26T10:24:27.815520+0000 | INFO | Добавление тестового тарифа
2025-09-26T10:24:27.815782+0000 | INFO | Таблица promocodes уже существует
2025-09-26T10:24:27.816024+0000 | INFO | Таблица tariff_promo успешно создана или уже существует
2025-09-26T10:24:27.816286+0000 | INFO | Таблица Reviews успешно создана или уже существует
2025-09-26T10:24:27.816362+0000 | INFO | Таблица support_info успешно создана или уже существует
2025-09-26T10:24:27.817070+0000 | INFO | Таблица user_balance успешно создана или уже существует
2025-09-26T10:24:27.817224+0000 | INFO | Таблица balance_transactions успешно создана или уже существует
2025-09-26T10:24:27.817317+0000 | INFO | Индексы для таблиц баланса успешно созданы
2025-09-26T10:24:27.817383+0000 | INFO | Таблица referral_condition успешно создана или уже существует
2025-09-26T10:24:27.817447+0000 | INFO | Таблица referral_progress успешно создана или уже существует
2025-09-26T10:24:27.817508+0000 | INFO | Индексы для таблиц рефералов успешно созданы
2025-09-26T10:24:27.817631+0000 | INFO | Таблица referral_rewards_history успешно создана или уже существует
2025-09-26T10:24:27.817697+0000 | INFO | Индексы для таблицы referral_rewards_history успешно созданы
2025-09-26T10:24:27.817842+0000 | INFO | Записи в таблице referral_progress успешно добавлены
2025-09-26T10:24:27.817866+0000 | INFO | Обновление базы данных завершено успешно
